2025-04-07 01:07:31,915 WARNING database DDL Query made to DB:
alter table `tabDocType` add column if not exists migration_hash varchar(140)
2025-04-07 01:07:32,908 WARNING database DDL Query made to DB:
ALTER TABLE `tabPrint Heading` DROP INDEX `print_heading`
2025-04-07 01:07:34,109 WARNING database DDL Query made to DB:
ALTER TABLE `tabPrint Heading` ADD UNIQUE INDEX IF NOT EXISTS print_heading (`print_heading`)
2025-04-09 14:09:30,405 WARNING database DDL Query made to DB:
create table `tabtushup` (
			name varchar(140) primary key,
			creation datetime(6),
			modified datetime(6),
			modified_by varchar(140),
			owner varchar(140),
			docstatus int(1) not null default '0',
			idx int(8) not null default '0',
			`amended_from` varchar(140),
`_user_tags` text,
`_comments` text,
`_assign` text,
`_liked_by` text,
index `amended_from`(`amended_from`),
index modified(modified))
			ENGINE=InnoDB
			ROW_FORMAT=DYNAMIC
			CHARACTER SET=utf8mb4
			COLLATE=utf8mb4_unicode_ci
2025-04-20 13:55:31,945 WARNING database DDL Query made to DB:
alter table `tabDocType` add column if not exists migration_hash varchar(140)
2025-04-20 14:41:03,998 WARNING database DDL Query made to DB:
alter table `tabDocType` add column if not exists migration_hash varchar(140)
2025-04-20 14:41:04,838 WARNING database DDL Query made to DB:
ALTER TABLE `tabDocType` ADD COLUMN `grid_page_length` int(11) not null default 50, ADD COLUMN `protect_attached_files` int(1) not null default 0, ADD COLUMN `row_format` varchar(140) default 'Dynamic'
2025-04-20 14:41:05,101 WARNING database DDL Query made to DB:
ALTER TABLE `tabWeb Form` MODIFY `condition_json` json, MODIFY `amount` decimal(21,9) not null default 0
2025-04-20 14:41:05,241 WARNING database DDL Query made to DB:
ALTER TABLE `tabWorkspace Shortcut` ADD COLUMN `report_ref_doctype` varchar(140)
2025-04-20 14:41:05,380 WARNING database DDL Query made to DB:
ALTER TABLE `tabReport` ADD COLUMN `add_translate_data` int(1) not null default 0
2025-04-20 14:41:05,550 WARNING database DDL Query made to DB:
ALTER TABLE `tabPrint Format` ADD COLUMN `pdf_generator` varchar(140) default 'wkhtmltopdf'
2025-04-20 14:41:06,373 WARNING database DDL Query made to DB:
ALTER TABLE `tabFile`
				ADD INDEX IF NOT EXISTS `file_url_index`(file_url(100))
2025-04-20 14:41:06,839 WARNING database DDL Query made to DB:
ALTER TABLE `tabSMS Parameter` MODIFY `value` varchar(255)
2025-04-20 14:41:07,130 WARNING database DDL Query made to DB:
ALTER TABLE `tabUser` MODIFY `location` varchar(140)
2025-04-20 14:41:07,136 WARNING database DDL Query made to DB:
ALTER TABLE `tabUser` ADD INDEX `last_active_index`(`last_active`)
2025-04-20 14:41:07,344 WARNING database DDL Query made to DB:
ALTER TABLE `tabWeb Page View` ADD INDEX `path_index`(`path`)
2025-04-20 14:41:07,531 WARNING database DDL Query made to DB:
ALTER TABLE `tabWorkflow Document State` ADD COLUMN `send_email` int(1) not null default 1
2025-04-20 14:41:07,648 WARNING database DDL Query made to DB:
ALTER TABLE `tabWorkflow Transition` ADD COLUMN `send_email_to_creator` int(1) not null default 0
2025-04-20 14:41:08,032 WARNING database DDL Query made to DB:
ALTER TABLE `tabEmail Account` ADD COLUMN `always_bcc` varchar(140)
2025-04-20 14:41:08,398 WARNING database DDL Query made to DB:
ALTER TABLE `tabTag Link`
				ADD INDEX IF NOT EXISTS `document_type_document_name_index`(document_type, document_name)
2025-04-20 14:41:08,499 WARNING database DDL Query made to DB:
ALTER TABLE `tabList View Settings` ADD COLUMN `disable_automatic_recency_filters` int(1) not null default 0
2025-04-20 14:41:08,669 WARNING database DDL Query made to DB:
ALTER TABLE `tabEvent` MODIFY `google_meet_link` text
2025-04-20 14:41:08,854 WARNING database DDL Query made to DB:
ALTER TABLE `tabGoogle Calendar` ADD COLUMN `sync_as_public` int(1) not null default 0
2025-04-20 14:41:09,192 WARNING database DDL Query made to DB:
ALTER TABLE `tabWebhook Request Log` MODIFY `url` text
2025-04-20 14:41:09,312 WARNING database DDL Query made to DB:
ALTER TABLE `tabPrint Heading` DROP INDEX `print_heading`
2025-04-20 14:41:10,039 WARNING database DDL Query made to DB:
ALTER TABLE `tabPOS Invoice` MODIFY `conversion_rate` decimal(21,9) not null default 0, MODIFY `amount_eligible_for_commission` decimal(21,9) not null default 0, MODIFY `grand_total` decimal(21,9) not null default 0, MODIFY `base_rounded_total` decimal(21,9) not null default 0, MODIFY `net_total` decimal(21,9) not null default 0, MODIFY `commission_rate` decimal(21,9) not null default 0, MODIFY `rounded_total` decimal(21,9) not null default 0, MODIFY `total_advance` decimal(21,9) not null default 0, MODIFY `total_taxes_and_charges` decimal(21,9) not null default 0, MODIFY `outstanding_amount` decimal(21,9) not null default 0, MODIFY `base_rounding_adjustment` decimal(21,9) not null default 0, MODIFY `base_net_total` decimal(21,9) not null default 0, MODIFY `total_commission` decimal(21,9) not null default 0, MODIFY `discount_amount` decimal(21,9) not null default 0, MODIFY `additional_discount_percentage` decimal(21,9) not null default 0, MODIFY `rounding_adjustment` decimal(21,9) not null default 0, MODIFY `base_total` decimal(21,9) not null default 0, MODIFY `total` decimal(21,9) not null default 0, MODIFY `total_qty` decimal(21,9) not null default 0, MODIFY `total_net_weight` decimal(21,9) not null default 0, MODIFY `write_off_amount` decimal(21,9) not null default 0, MODIFY `base_write_off_amount` decimal(21,9) not null default 0, MODIFY `base_grand_total` decimal(21,9) not null default 0, MODIFY `base_paid_amount` decimal(21,9) not null default 0, MODIFY `base_discount_amount` decimal(21,9) not null default 0, MODIFY `paid_amount` decimal(21,9) not null default 0, MODIFY `change_amount` decimal(21,9) not null default 0, MODIFY `loyalty_amount` decimal(21,9) not null default 0, MODIFY `base_total_taxes_and_charges` decimal(21,9) not null default 0, MODIFY `plc_conversion_rate` decimal(21,9) not null default 0, MODIFY `base_change_amount` decimal(21,9) not null default 0
2025-04-20 14:41:10,766 WARNING database DDL Query made to DB:
ALTER TABLE `tabPurchase Invoice Item` MODIFY `rejected_qty` decimal(21,9) not null default 0, MODIFY `rate_with_margin` decimal(21,9) not null default 0, MODIFY `base_rate` decimal(21,9) not null default 0, MODIFY `received_qty` decimal(21,9) not null default 0, MODIFY `weight_per_unit` decimal(21,9) not null default 0, MODIFY `sales_incoming_rate` decimal(21,9) not null default 0, MODIFY `rate` decimal(21,9) not null default 0, MODIFY `base_amount` decimal(21,9) not null default 0, MODIFY `qty` decimal(21,9) not null default 0, MODIFY `amount` decimal(21,9) not null default 0, MODIFY `item_tax_amount` decimal(21,9) not null default 0, MODIFY `discount_percentage` decimal(21,9) not null default 0, MODIFY `margin_rate_or_amount` decimal(21,9) not null default 0, MODIFY `base_net_amount` decimal(21,9) not null default 0, MODIFY `rm_supp_cost` decimal(21,9) not null default 0, MODIFY `net_rate` decimal(21,9) not null default 0, MODIFY `discount_amount` decimal(21,9) not null default 0, MODIFY `landed_cost_voucher_amount` decimal(21,9) not null default 0, MODIFY `stock_qty` decimal(21,9) not null default 0, MODIFY `base_price_list_rate` decimal(21,9) not null default 0, MODIFY `price_list_rate` decimal(21,9) not null default 0, MODIFY `base_rate_with_margin` decimal(21,9) not null default 0, MODIFY `base_net_rate` decimal(21,9) not null default 0, MODIFY `valuation_rate` decimal(21,9) not null default 0, MODIFY `total_weight` decimal(21,9) not null default 0, MODIFY `stock_uom_rate` decimal(21,9) not null default 0, MODIFY `net_amount` decimal(21,9) not null default 0
2025-04-20 14:41:10,957 WARNING database DDL Query made to DB:
ALTER TABLE `tabGL Entry` MODIFY `transaction_exchange_rate` decimal(21,9) not null default 0, MODIFY `debit` decimal(21,9) not null default 0, MODIFY `debit_in_account_currency` decimal(21,9) not null default 0, MODIFY `credit_in_transaction_currency` decimal(21,9) not null default 0, MODIFY `credit_in_account_currency` decimal(21,9) not null default 0, MODIFY `debit_in_transaction_currency` decimal(21,9) not null default 0, MODIFY `credit` decimal(21,9) not null default 0
2025-04-20 14:41:10,966 WARNING database DDL Query made to DB:
ALTER TABLE `tabGL Entry` ADD INDEX `creation`(`creation`)
2025-04-20 14:41:11,478 WARNING database DDL Query made to DB:
ALTER TABLE `tabSales Invoice` MODIFY `outstanding_amount` decimal(21,9) not null default 0, MODIFY `amount_eligible_for_commission` decimal(21,9) not null default 0, MODIFY `total_qty` decimal(21,9) not null default 0, MODIFY `total` decimal(21,9) not null default 0, MODIFY `base_change_amount` decimal(21,9) not null default 0, MODIFY `net_total` decimal(21,9) not null default 0, MODIFY `write_off_amount` decimal(21,9) not null default 0, MODIFY `total_net_weight` decimal(21,9) not null default 0, MODIFY `commission_rate` decimal(21,9) not null default 0, MODIFY `loyalty_amount` decimal(21,9) not null default 0, MODIFY `conversion_rate` decimal(21,9) not null default 0, MODIFY `plc_conversion_rate` decimal(21,9) not null default 0, MODIFY `total_commission` decimal(21,9) not null default 0, MODIFY `base_discount_amount` decimal(21,9) not null default 0, MODIFY `total_taxes_and_charges` decimal(21,9) not null default 0, MODIFY `discount_amount` decimal(21,9) not null default 0, MODIFY `total_advance` decimal(21,9) not null default 0, MODIFY `grand_total` decimal(21,9) not null default 0, MODIFY `rounded_total` decimal(21,9) not null default 0, MODIFY `total_billing_hours` decimal(21,9) not null default 0, MODIFY `base_rounded_total` decimal(21,9) not null default 0, MODIFY `base_net_total` decimal(21,9) not null default 0, MODIFY `paid_amount` decimal(21,9) not null default 0, MODIFY `rounding_adjustment` decimal(21,9) not null default 0, MODIFY `additional_discount_percentage` decimal(21,9) not null default 0, MODIFY `base_grand_total` decimal(21,9) not null default 0, MODIFY `change_amount` decimal(21,9) not null default 0, MODIFY `base_total_taxes_and_charges` decimal(21,9) not null default 0, MODIFY `base_rounding_adjustment` decimal(21,9) not null default 0, MODIFY `base_total` decimal(21,9) not null default 0, MODIFY `base_write_off_amount` decimal(21,9) not null default 0, MODIFY `base_paid_amount` decimal(21,9) not null default 0
2025-04-20 14:41:11,774 WARNING database DDL Query made to DB:
ALTER TABLE `tabPayment Entry` MODIFY `base_paid_amount_after_tax` decimal(21,9) not null default 0, MODIFY `received_amount` decimal(21,9) not null default 0, MODIFY `source_exchange_rate` decimal(21,9) not null default 0, MODIFY `paid_to_account_balance` decimal(21,9) not null default 0, MODIFY `base_paid_amount` decimal(21,9) not null default 0, MODIFY `paid_amount` decimal(21,9) not null default 0, MODIFY `base_received_amount_after_tax` decimal(21,9) not null default 0, MODIFY `paid_amount_after_tax` decimal(21,9) not null default 0, MODIFY `total_allocated_amount` decimal(21,9) not null default 0, MODIFY `total_taxes_and_charges` decimal(21,9) not null default 0, MODIFY `target_exchange_rate` decimal(21,9) not null default 0, MODIFY `received_amount_after_tax` decimal(21,9) not null default 0, MODIFY `base_total_allocated_amount` decimal(21,9) not null default 0, MODIFY `difference_amount` decimal(21,9) not null default 0, MODIFY `party_balance` decimal(21,9) not null default 0, MODIFY `unallocated_amount` decimal(21,9) not null default 0, MODIFY `paid_from_account_balance` decimal(21,9) not null default 0, MODIFY `base_received_amount` decimal(21,9) not null default 0, MODIFY `base_total_taxes_and_charges` decimal(21,9) not null default 0
2025-04-20 14:41:11,935 WARNING database DDL Query made to DB:
ALTER TABLE `tabPayment Schedule` ADD COLUMN `base_outstanding` decimal(21,9) not null default 0, ADD COLUMN `base_paid_amount` decimal(21,9) not null default 0
2025-04-20 14:41:11,939 WARNING database DDL Query made to DB:
ALTER TABLE `tabPayment Schedule` MODIFY `paid_amount` decimal(21,9) not null default 0, MODIFY `outstanding` decimal(21,9) not null default 0, MODIFY `discount` decimal(21,9) not null default 0, MODIFY `invoice_portion` decimal(21,9) not null default 0, MODIFY `base_payment_amount` decimal(21,9) not null default 0, MODIFY `payment_amount` decimal(21,9) not null default 0
2025-04-20 14:41:11,946 WARNING database DDL Query made to DB:
ALTER TABLE `tabPayment Schedule` ADD INDEX `creation`(`creation`)
2025-04-20 14:41:12,158 WARNING database DDL Query made to DB:
ALTER TABLE `tabPOS Profile` ADD COLUMN `allow_partial_payment` int(1) not null default 0, ADD COLUMN `project` varchar(140)
2025-04-20 14:41:12,164 WARNING database DDL Query made to DB:
ALTER TABLE `tabPOS Profile` ADD INDEX `creation`(`creation`)
2025-04-20 14:41:12,476 WARNING database DDL Query made to DB:
ALTER TABLE `tabSales Invoice Item` ADD COLUMN `pos_invoice` varchar(140), ADD COLUMN `pos_invoice_item` varchar(140)
2025-04-20 14:41:12,481 WARNING database DDL Query made to DB:
ALTER TABLE `tabSales Invoice Item` MODIFY `price_list_rate` decimal(21,9) not null default 0, MODIFY `delivered_qty` decimal(21,9) not null default 0, MODIFY `actual_qty` decimal(21,9) not null default 0, MODIFY `rate_with_margin` decimal(21,9) not null default 0, MODIFY `base_rate` decimal(21,9) not null default 0, MODIFY `base_net_rate` decimal(21,9) not null default 0, MODIFY `stock_qty` decimal(21,9) not null default 0, MODIFY `base_amount` decimal(21,9) not null default 0, MODIFY `margin_rate_or_amount` decimal(21,9) not null default 0, MODIFY `amount` decimal(21,9) not null default 0, MODIFY `net_amount` decimal(21,9) not null default 0, MODIFY `base_price_list_rate` decimal(21,9) not null default 0, MODIFY `weight_per_unit` decimal(21,9) not null default 0, MODIFY `stock_uom_rate` decimal(21,9) not null default 0, MODIFY `qty` decimal(21,9) not null default 0, MODIFY `rate` decimal(21,9) not null default 0, MODIFY `incoming_rate` decimal(21,9) not null default 0, MODIFY `discount_percentage` decimal(21,9) not null default 0, MODIFY `company_total_stock` decimal(21,9) not null default 0, MODIFY `base_net_amount` decimal(21,9) not null default 0, MODIFY `conversion_factor` decimal(21,9) not null default 0, MODIFY `total_weight` decimal(21,9) not null default 0, MODIFY `base_rate_with_margin` decimal(21,9) not null default 0, MODIFY `net_rate` decimal(21,9) not null default 0, MODIFY `actual_batch_qty` decimal(21,9) not null default 0, MODIFY `discount_amount` decimal(21,9) not null default 0
2025-04-20 14:41:12,490 WARNING database DDL Query made to DB:
ALTER TABLE `tabSales Invoice Item` ADD INDEX `pos_invoice_index`(`pos_invoice`), ADD INDEX `creation`(`creation`)
2025-04-20 14:41:12,602 WARNING database DDL Query made to DB:
ALTER TABLE `tabTax Withheld Vouchers` MODIFY `taxable_amount` decimal(21,9) not null default 0
2025-04-20 14:41:12,924 WARNING database DDL Query made to DB:
ALTER TABLE `tabProspect` MODIFY `annual_revenue` decimal(21,9) not null default 0
2025-04-20 14:41:12,930 WARNING database DDL Query made to DB:
ALTER TABLE `tabProspect` ADD INDEX `creation`(`creation`)
2025-04-20 14:41:13,537 WARNING database DDL Query made to DB:
ALTER TABLE `tabPurchase Order Item` ADD COLUMN `subcontracted_quantity` decimal(21,9) not null default 0
2025-04-20 14:41:13,541 WARNING database DDL Query made to DB:
ALTER TABLE `tabPurchase Order Item` MODIFY `billed_amt` decimal(21,9) not null default 0, MODIFY `weight_per_unit` decimal(21,9) not null default 0, MODIFY `actual_qty` decimal(21,9) not null default 0, MODIFY `net_amount` decimal(21,9) not null default 0, MODIFY `margin_rate_or_amount` decimal(21,9) not null default 0, MODIFY `rate_with_margin` decimal(21,9) not null default 0, MODIFY `discount_amount` decimal(21,9) not null default 0, MODIFY `stock_uom_rate` decimal(21,9) not null default 0, MODIFY `total_weight` decimal(21,9) not null default 0, MODIFY `base_net_amount` decimal(21,9) not null default 0, MODIFY `base_net_rate` decimal(21,9) not null default 0, MODIFY `discount_percentage` decimal(21,9) not null default 0, MODIFY `net_rate` decimal(21,9) not null default 0, MODIFY `base_amount` decimal(21,9) not null default 0, MODIFY `last_purchase_rate` decimal(21,9) not null default 0, MODIFY `returned_qty` decimal(21,9) not null default 0, MODIFY `blanket_order_rate` decimal(21,9) not null default 0, MODIFY `stock_qty` decimal(21,9) not null default 0, MODIFY `company_total_stock` decimal(21,9) not null default 0, MODIFY `base_rate` decimal(21,9) not null default 0, MODIFY `received_qty` decimal(21,9) not null default 0, MODIFY `amount` decimal(21,9) not null default 0, MODIFY `conversion_factor` decimal(21,9) not null default 0, MODIFY `base_price_list_rate` decimal(21,9) not null default 0, MODIFY `rate` decimal(21,9) not null default 0, MODIFY `qty` decimal(21,9) not null default 0, MODIFY `base_rate_with_margin` decimal(21,9) not null default 0, MODIFY `price_list_rate` decimal(21,9) not null default 0
2025-04-20 14:41:13,686 WARNING database DDL Query made to DB:
ALTER TABLE `tabProject User` ADD COLUMN `hide_timesheets` int(1) not null default 0
2025-04-20 14:41:14,059 WARNING database DDL Query made to DB:
ALTER TABLE `tabSales Order Item` MODIFY `blanket_order_rate` decimal(21,9) not null default 0, MODIFY `conversion_factor` decimal(21,9) not null default 0, MODIFY `base_rate_with_margin` decimal(21,9) not null default 0, MODIFY `billed_amt` decimal(21,9) not null default 0, MODIFY `planned_qty` decimal(21,9) not null default 0, MODIFY `base_price_list_rate` decimal(21,9) not null default 0, MODIFY `discount_amount` decimal(21,9) not null default 0, MODIFY `projected_qty` decimal(21,9) not null default 0, MODIFY `delivered_qty` decimal(21,9) not null default 0, MODIFY `company_total_stock` decimal(21,9) not null default 0, MODIFY `stock_qty` decimal(21,9) not null default 0, MODIFY `picked_qty` decimal(21,9) not null default 0, MODIFY `ordered_qty` decimal(21,9) not null default 0, MODIFY `produced_qty` decimal(21,9) not null default 0, MODIFY `returned_qty` decimal(21,9) not null default 0, MODIFY `net_amount` decimal(21,9) not null default 0, MODIFY `work_order_qty` decimal(21,9) not null default 0, MODIFY `rate` decimal(21,9) not null default 0, MODIFY `total_weight` decimal(21,9) not null default 0, MODIFY `margin_rate_or_amount` decimal(21,9) not null default 0, MODIFY `stock_uom_rate` decimal(21,9) not null default 0, MODIFY `production_plan_qty` decimal(21,9) not null default 0, MODIFY `net_rate` decimal(21,9) not null default 0, MODIFY `discount_percentage` decimal(21,9) not null default 0, MODIFY `actual_qty` decimal(21,9) not null default 0, MODIFY `base_net_amount` decimal(21,9) not null default 0, MODIFY `price_list_rate` decimal(21,9) not null default 0, MODIFY `amount` decimal(21,9) not null default 0, MODIFY `gross_profit` decimal(21,9) not null default 0, MODIFY `base_amount` decimal(21,9) not null default 0, MODIFY `weight_per_unit` decimal(21,9) not null default 0, MODIFY `qty` decimal(21,9) not null default 0, MODIFY `base_net_rate` decimal(21,9) not null default 0, MODIFY `valuation_rate` decimal(21,9) not null default 0, MODIFY `rate_with_margin` decimal(21,9) not null default 0, MODIFY `base_rate` decimal(21,9) not null default 0
2025-04-20 14:41:14,425 WARNING database DDL Query made to DB:
ALTER TABLE `tabPrint Heading` ADD UNIQUE INDEX IF NOT EXISTS print_heading (`print_heading`)
2025-04-20 14:41:14,708 WARNING database DDL Query made to DB:
ALTER TABLE `tabBOM Creator Item` ADD COLUMN `allow_alternative_item` int(1) not null default 1
2025-04-20 14:41:14,712 WARNING database DDL Query made to DB:
ALTER TABLE `tabBOM Creator Item` MODIFY `rate` decimal(21,9) not null default 0, MODIFY `amount` decimal(21,9) not null default 0, MODIFY `qty` decimal(21,9) not null default 0, MODIFY `stock_qty` decimal(21,9) not null default 0, MODIFY `base_amount` decimal(21,9) not null default 0, MODIFY `conversion_factor` decimal(21,9) not null default 0, MODIFY `base_rate` decimal(21,9) not null default 0
2025-04-20 14:41:15,061 WARNING database DDL Query made to DB:
ALTER TABLE `tabJob Card` MODIFY `time_required` decimal(21,9) not null default 0, MODIFY `for_quantity` decimal(21,9) not null default 0, MODIFY `total_time_in_mins` decimal(21,9) not null default 0, MODIFY `hour_rate` decimal(21,9) not null default 0, MODIFY `process_loss_qty` decimal(21,9) not null default 0
2025-04-20 14:41:15,371 WARNING database DDL Query made to DB:
ALTER TABLE `tabShipment` ADD COLUMN `total_weight` decimal(21,9) not null default 0
2025-04-20 14:41:15,375 WARNING database DDL Query made to DB:
ALTER TABLE `tabShipment` MODIFY `pickup_from` time(6) default '09:00', MODIFY `value_of_goods` decimal(21,9) not null default 0, MODIFY `shipment_amount` decimal(21,9) not null default 0, MODIFY `pickup_to` time(6) default '17:00'
2025-04-20 14:41:15,668 WARNING database DDL Query made to DB:
ALTER TABLE `tabPurchase Receipt Item` ADD COLUMN `amount_difference_with_purchase_invoice` decimal(21,9) not null default 0
2025-04-20 14:41:15,675 WARNING database DDL Query made to DB:
ALTER TABLE `tabPurchase Receipt Item` MODIFY `total_weight` decimal(21,9) not null default 0, MODIFY `base_rate_with_margin` decimal(21,9) not null default 0, MODIFY `base_rate` decimal(21,9) not null default 0, MODIFY `discount_amount` decimal(21,9) not null default 0, MODIFY `stock_uom_rate` decimal(21,9) not null default 0, MODIFY `amount` decimal(21,9) not null default 0, MODIFY `item_tax_amount` decimal(21,9) not null default 0, MODIFY `net_rate` decimal(21,9) not null default 0, MODIFY `rejected_qty` decimal(21,9) not null default 0, MODIFY `net_amount` decimal(21,9) not null default 0, MODIFY `base_net_amount` decimal(21,9) not null default 0, MODIFY `conversion_factor` decimal(21,9) not null default 0, MODIFY `base_amount` decimal(21,9) not null default 0, MODIFY `sales_incoming_rate` decimal(21,9) not null default 0, MODIFY `rate` decimal(21,9) not null default 0, MODIFY `base_net_rate` decimal(21,9) not null default 0, MODIFY `discount_percentage` decimal(21,9) not null default 0, MODIFY `landed_cost_voucher_amount` decimal(21,9) not null default 0, MODIFY `valuation_rate` decimal(21,9) not null default 0, MODIFY `returned_qty` decimal(21,9) not null default 0, MODIFY `received_stock_qty` decimal(21,9) not null default 0, MODIFY `margin_rate_or_amount` decimal(21,9) not null default 0, MODIFY `rm_supp_cost` decimal(21,9) not null default 0, MODIFY `qty` decimal(21,9) not null default 0, MODIFY `stock_qty` decimal(21,9) not null default 0, MODIFY `billed_amt` decimal(21,9) not null default 0, MODIFY `base_price_list_rate` decimal(21,9) not null default 0, MODIFY `weight_per_unit` decimal(21,9) not null default 0, MODIFY `price_list_rate` decimal(21,9) not null default 0, MODIFY `rate_with_margin` decimal(21,9) not null default 0
2025-04-20 14:41:15,947 WARNING database DDL Query made to DB:
ALTER TABLE `tabStock Entry Detail` MODIFY `valuation_rate` decimal(21,9) not null default 0, MODIFY `transfer_qty` decimal(21,9) not null default 0, MODIFY `basic_amount` decimal(21,9) not null default 0, MODIFY `amount` decimal(21,9) not null default 0, MODIFY `additional_cost` decimal(21,9) not null default 0, MODIFY `actual_qty` decimal(21,9) not null default 0, MODIFY `qty` decimal(21,9) not null default 0, MODIFY `transferred_qty` decimal(21,9) not null default 0, MODIFY `conversion_factor` decimal(21,9) not null default 0, MODIFY `basic_rate` decimal(21,9) not null default 0
2025-04-20 14:41:15,955 WARNING database DDL Query made to DB:
ALTER TABLE `tabStock Entry Detail` ADD INDEX `serial_and_batch_bundle_index`(`serial_and_batch_bundle`)
2025-04-20 14:41:16,555 WARNING database DDL Query made to DB:
ALTER TABLE `tabRepost Item Valuation` ADD COLUMN `recreate_stock_ledgers` int(1) not null default 0
2025-04-20 14:41:16,561 WARNING database DDL Query made to DB:
ALTER TABLE `tabRepost Item Valuation` ADD INDEX `creation`(`creation`)
2025-04-20 14:41:16,775 WARNING database DDL Query made to DB:
ALTER TABLE `tabStock Reconciliation Item` MODIFY `qty` decimal(21,9) not null default 0, MODIFY `current_amount` decimal(21,9) not null default 0, MODIFY `amount_difference` decimal(21,9) not null default 0, MODIFY `valuation_rate` decimal(21,9) not null default 0, MODIFY `amount` decimal(21,9) not null default 0, MODIFY `current_valuation_rate` decimal(21,9) not null default 0
2025-04-20 14:41:16,908 WARNING database DDL Query made to DB:
ALTER TABLE `tabItem Default` ADD INDEX `default_warehouse_index`(`default_warehouse`)
2025-04-20 14:41:17,195 WARNING database DDL Query made to DB:
ALTER TABLE `tabIssue` ADD COLUMN `sla_resolution_by` datetime(6), ADD COLUMN `sla_resolution_date` datetime(6)
2025-04-20 14:41:17,198 WARNING database DDL Query made to DB:
ALTER TABLE `tabIssue` MODIFY `resolution_time` decimal(21,9), MODIFY `total_hold_time` decimal(21,9), MODIFY `first_response_time` decimal(21,9), MODIFY `avg_response_time` decimal(21,9), MODIFY `user_resolution_time` decimal(21,9)
2025-04-20 14:41:17,390 WARNING database DDL Query made to DB:
ALTER TABLE `tabAsset Capitalization Stock Item` ADD COLUMN `purchase_receipt_item` varchar(140)
2025-04-20 14:41:17,394 WARNING database DDL Query made to DB:
ALTER TABLE `tabAsset Capitalization Stock Item` MODIFY `valuation_rate` decimal(21,9) not null default 0, MODIFY `stock_qty` decimal(21,9) not null default 0, MODIFY `actual_qty` decimal(21,9) not null default 0
2025-04-20 14:41:17,400 WARNING database DDL Query made to DB:
ALTER TABLE `tabAsset Capitalization Stock Item` ADD INDEX `creation`(`creation`)
2025-04-20 14:41:17,657 WARNING database DDL Query made to DB:
ALTER TABLE `tabAsset` MODIFY `gross_purchase_amount` decimal(21,9) not null default 0, MODIFY `purchase_amount` decimal(21,9) not null default 0, MODIFY `opening_accumulated_depreciation` decimal(21,9) not null default 0, MODIFY `additional_asset_cost` decimal(21,9) not null default 0, MODIFY `value_after_depreciation` decimal(21,9) not null default 0, MODIFY `total_asset_cost` decimal(21,9) not null default 0
2025-04-20 14:41:17,971 WARNING database DDL Query made to DB:
ALTER TABLE `tabSubcontracting Order Item` ADD COLUMN `subcontracting_conversion_factor` decimal(21,9) not null default 0, ADD COLUMN `job_card` varchar(140)
2025-04-20 14:41:17,974 WARNING database DDL Query made to DB:
ALTER TABLE `tabSubcontracting Order Item` MODIFY `received_qty` decimal(21,9) not null default 0, MODIFY `amount` decimal(21,9) not null default 0, MODIFY `service_cost_per_qty` decimal(21,9) not null default 0, MODIFY `rm_cost_per_qty` decimal(21,9) not null default 0, MODIFY `rate` decimal(21,9) not null default 0, MODIFY `returned_qty` decimal(21,9) not null default 0
2025-04-20 14:41:18,509 WARNING database DDL Query made to DB:
ALTER TABLE `tabEmployee Checkin` MODIFY `latitude` decimal(21,9) not null default 0, MODIFY `longitude` decimal(21,9) not null default 0
2025-04-20 14:41:18,514 WARNING database DDL Query made to DB:
ALTER TABLE `tabEmployee Checkin` ADD INDEX `creation`(`creation`)
2025-04-20 14:41:18,752 WARNING database DDL Query made to DB:
ALTER TABLE `tabAttendance` ADD COLUMN `half_day_status` varchar(140)
2025-04-20 14:41:18,756 WARNING database DDL Query made to DB:
ALTER TABLE `tabAttendance` MODIFY `working_hours` decimal(21,9) not null default 0
2025-04-20 14:41:18,762 WARNING database DDL Query made to DB:
ALTER TABLE `tabAttendance` ADD INDEX `creation`(`creation`)
2025-04-20 14:41:19,363 WARNING database DDL Query made to DB:
ALTER TABLE __UserSettings CONVERT TO CHARACTER SET utf8mb4 COLLATE utf8mb4_unicode_ci;
2025-06-28 04:24:25,721 WARNING database DDL Query made to DB:
alter table `tabDocType` add column if not exists migration_hash varchar(140)
2025-06-28 04:24:26,514 WARNING database DDL Query made to DB:
ALTER TABLE `tabPrint Heading` DROP INDEX `print_heading`
2025-06-28 04:24:27,250 WARNING database DDL Query made to DB:
ALTER TABLE `tabPrint Heading` ADD UNIQUE INDEX IF NOT EXISTS print_heading (`print_heading`)
2025-06-28 22:56:32,092 WARNING database DDL Query made to DB:
ALTER TABLE `tabDriver` MODIFY `latitude` decimal(21,9) not null default 0
2025-06-28 22:57:02,866 WARNING database DDL Query made to DB:
ALTER TABLE `tabDriver` MODIFY `longitude` decimal(21,9) not null default 0, MODIFY `latitude` decimal(21,9) not null default 0
2025-06-29 03:47:22,751 WARNING database DDL Query made to DB:
alter table `tabDocType` add column if not exists migration_hash varchar(140)
2025-06-29 03:47:23,654 WARNING database DDL Query made to DB:
ALTER TABLE `tabPrint Heading` DROP INDEX `print_heading`
2025-06-29 03:47:24,570 WARNING database DDL Query made to DB:
ALTER TABLE `tabDriver` MODIFY `latitude` decimal(21,9) not null default 0, MODIFY `longitude` decimal(21,9) not null default 0
2025-06-29 03:47:24,704 WARNING database DDL Query made to DB:
ALTER TABLE `tabPrint Heading` ADD UNIQUE INDEX IF NOT EXISTS print_heading (`print_heading`)
2025-06-29 04:22:11,225 WARNING database DDL Query made to DB:
ALTER TABLE `tabDriver` MODIFY `longitude` decimal(21,9) not null default 0, MODIFY `latitude` decimal(21,9) not null default 0
2025-06-30 02:29:07,758 WARNING database DDL Query made to DB:
ALTER TABLE `tabDriver` ADD COLUMN `passport` varchar(140)
2025-06-30 02:29:07,764 WARNING database DDL Query made to DB:
ALTER TABLE `tabDriver` MODIFY `longitude` decimal(21,9) not null default 0, MODIFY `latitude` decimal(21,9) not null default 0
2025-06-30 02:29:47,066 WARNING database DDL Query made to DB:
ALTER TABLE `tabDriver` MODIFY `longitude` decimal(21,9) not null default 0, MODIFY `latitude` decimal(21,9) not null default 0
2025-06-30 02:30:02,199 WARNING database DDL Query made to DB:
alter table `tabDocType` add column if not exists migration_hash varchar(140)
2025-06-30 02:30:03,258 WARNING database DDL Query made to DB:
ALTER TABLE `tabPrint Heading` DROP INDEX `print_heading`
2025-06-30 02:30:04,795 WARNING database DDL Query made to DB:
ALTER TABLE `tabDriver` MODIFY `latitude` decimal(21,9) not null default 0, MODIFY `longitude` decimal(21,9) not null default 0
2025-06-30 02:30:04,950 WARNING database DDL Query made to DB:
ALTER TABLE `tabPrint Heading` ADD UNIQUE INDEX IF NOT EXISTS print_heading (`print_heading`)
2025-06-30 02:46:25,810 WARNING database DDL Query made to DB:
ALTER TABLE `tabDriver` ADD COLUMN `user` varchar(140)
2025-06-30 02:46:25,814 WARNING database DDL Query made to DB:
ALTER TABLE `tabDriver` MODIFY `longitude` decimal(21,9) not null default 0, MODIFY `latitude` decimal(21,9) not null default 0
2025-06-30 02:46:38,667 WARNING database DDL Query made to DB:
alter table `tabDocType` add column if not exists migration_hash varchar(140)
2025-06-30 02:46:39,360 WARNING database DDL Query made to DB:
ALTER TABLE `tabPrint Heading` DROP INDEX `print_heading`
2025-06-30 02:46:40,107 WARNING database DDL Query made to DB:
ALTER TABLE `tabDriver` MODIFY `latitude` decimal(21,9) not null default 0, MODIFY `longitude` decimal(21,9) not null default 0
2025-06-30 02:46:40,235 WARNING database DDL Query made to DB:
ALTER TABLE `tabPrint Heading` ADD UNIQUE INDEX IF NOT EXISTS print_heading (`print_heading`)
2025-06-30 03:06:52,937 WARNING database DDL Query made to DB:
alter table `tabDocType` add column if not exists migration_hash varchar(140)
2025-06-30 03:06:53,692 WARNING database DDL Query made to DB:
ALTER TABLE `tabPrint Heading` DROP INDEX `print_heading`
2025-06-30 03:06:54,395 WARNING database DDL Query made to DB:
ALTER TABLE `tabPrint Heading` ADD UNIQUE INDEX IF NOT EXISTS print_heading (`print_heading`)
2025-06-30 03:13:11,265 WARNING database DDL Query made to DB:
ALTER TABLE `tabDriver` MODIFY `latitude` decimal(21,9) not null default 0, MODIFY `longitude` decimal(21,9) not null default 0
2025-06-30 03:25:57,620 WARNING database DDL Query made to DB:
alter table `tabDocType` add column if not exists migration_hash varchar(140)
2025-06-30 03:25:58,339 WARNING database DDL Query made to DB:
ALTER TABLE `tabPrint Heading` DROP INDEX `print_heading`
2025-06-30 03:25:59,069 WARNING database DDL Query made to DB:
ALTER TABLE `tabDriver` MODIFY `longitude` decimal(21,9) not null default 0, MODIFY `latitude` decimal(21,9) not null default 0
2025-06-30 03:25:59,200 WARNING database DDL Query made to DB:
ALTER TABLE `tabPrint Heading` ADD UNIQUE INDEX IF NOT EXISTS print_heading (`print_heading`)
2025-07-01 12:17:23,477 WARNING database DDL Query made to DB:
ALTER TABLE `tabDriver` MODIFY `latitude` decimal(21,9) not null default 0, MODIFY `longitude` decimal(21,9) not null default 0
2025-07-01 12:17:46,620 WARNING database DDL Query made to DB:
ALTER TABLE `tabDriver` MODIFY `latitude` decimal(21,9) not null default 0, MODIFY `longitude` decimal(21,9) not null default 0
2025-07-01 12:26:25,026 WARNING database DDL Query made to DB:
ALTER TABLE `tabDriver` MODIFY `latitude` decimal(21,9) not null default 0, MODIFY `longitude` decimal(21,9) not null default 0
2025-07-03 03:42:00,459 WARNING database DDL Query made to DB:
ALTER TABLE `tabPayment Request` ADD COLUMN `redirect_to` varchar(140)
2025-07-03 03:42:00,464 WARNING database DDL Query made to DB:
ALTER TABLE `tabPayment Request` MODIFY `grand_total` decimal(21,9) not null default 0, MODIFY `outstanding_amount` decimal(21,9) not null default 0
2025-07-03 03:45:42,243 WARNING database DDL Query made to DB:
ALTER TABLE `tabPayment Request` MODIFY `redirect_to` text, MODIFY `grand_total` decimal(21,9) not null default 0, MODIFY `outstanding_amount` decimal(21,9) not null default 0
2025-07-05 19:24:59,719 WARNING database DDL Query made to DB:
ALTER TABLE `tabWarehouse` MODIFY `latitude` decimal(21,9) not null default 0, MODIFY `longitude` varchar(140)
